ocr_ui/build/outputs/logs/manifest-merger-debug-report.txt
-- Merging decision tree log ---
manifest
ADDED from src/main/AndroidManifest.xml:5:1-14:12
INJECTED from src/main/AndroidManifest.xml:5:1-14:12
INJECTED from src/main/AndroidManifest.xml:5:1-14:12
INJECTED from src/main/AndroidManifest.xml:5:1-14:12
INJECTED from src/main/AndroidManifest.xml:5:1-14:12
INJECTED from src/main/AndroidManifest.xml:5:1-14:12
INJECTED from src/main/AndroidManifest.xml:5:1-14:12
	package
		ADDED from src/main/AndroidManifest.xml:6:5-31
		INJECTED from src/main/AndroidManifest.xml
		INJECTED from src/main/AndroidManifest.xml
	android:versionName
		INJECTED from src/main/AndroidManifest.xml
		ADDED from src/main/AndroidManifest.xml:5:1-14:12
		INJECTED from src/main/AndroidManifest.xml
	android:versionCode
		INJECTED from src/main/AndroidManifest.xml
		ADDED from src/main/AndroidManifest.xml:5:1-14:12
		INJECTED from src/main/AndroidManifest.xml
	xmlns:android
		ADDED from src/main/AndroidManifest.xml:5:11-69
uses-permission#android.permission.CAMERA
ADDED from src/main/AndroidManifest.xml:7:5-65
	android:name
		ADDED from src/main/AndroidManifest.xml:7:22-62
uses-permission#android.permission.READ_EXTERNAL_STORAGE
ADDED from src/main/AndroidManifest.xml:8:5-80
	android:name
		ADDED from src/main/AndroidManifest.xml:8:22-77
uses-permission#android.permission.WRITE_EXTERNAL_STORAGE
ADDED from src/main/AndroidManifest.xml:9:5-81
	android:name
		ADDED from src/main/AndroidManifest.xml:9:22-78
uses-feature#android.hardware.camera2.full
ADDED from src/main/AndroidManifest.xml:11:5-66
	android:name
		ADDED from src/main/AndroidManifest.xml:11:19-63
uses-feature#android.hardware.camera
ADDED from src/main/AndroidManifest.xml:12:5-60
	android:name
		ADDED from src/main/AndroidManifest.xml:12:19-57
uses-feature#android.hardware.camera.autofocus
ADDED from src/main/AndroidManifest.xml:13:5-70
	android:name
		ADDED from src/main/AndroidManifest.xml:13:19-67
uses-sdk
INJECTED from src/main/AndroidManifest.xml reason: use-sdk injection requested
INJECTED from src/main/AndroidManifest.xml
INJECTED from src/main/AndroidManifest.xml
INJECTED from src/main/AndroidManifest.xml
INJECTED from src/main/AndroidManifest.xml
	android:targetSdkVersion
		INJECTED from src/main/AndroidManifest.xml
		ADDED from src/main/AndroidManifest.xml
		INJECTED from src/main/AndroidManifest.xml
	android:minSdkVersion
		INJECTED from src/main/AndroidManifest.xml
		ADDED from src/main/AndroidManifest.xml
		INJECTED from src/main/AndroidManifest.xml